{"level":"info","message":"Fetching OpenAPI schema from: https://raw.githubusercontent.com/VilnaCRM-Org/user-service/main/.github/openapi-spec/spec.yaml...","timestamp":"2025-03-26T18:04:37.616Z"}
{"level":"info","message":"Schema successfully saved to: /home/yu/WebstormProjects/my-branch/website/out/docker/mockoon/data.json","timestamp":"2025-03-26T18:04:38.291Z"}
{"level":"info","message":"Fetching OpenAPI schema from: https://raw.githubusercontent.com/VilnaCRM-Org/user-service/main/.github/openapi-spec/spec.yaml...","timestamp":"2025-03-26T18:05:12.160Z"}
{"level":"info","message":"Schema successfully saved to: /home/yu/WebstormProjects/my-branch/website/out/docker/mockoon/data.json","timestamp":"2025-03-26T18:05:12.586Z"}
{"level":"info","message":"Fetching OpenAPI schema from: https://raw.githubusercontent.com/VilnaCRM-Org/user-service/main/.github/openapi-spec/spec.yaml...","timestamp":"2025-03-26T18:05:31.262Z"}
{"level":"error","message":"Schema fetch timeout after 5 seconds","timestamp":"2025-03-26T18:05:36.268Z"}
{"level":"info","message":"Fetching OpenAPI schema from: https://raw.githubusercontent.com/VilnaCRM-Org/user-service/main/.github/openapi-spec/spec.yaml...","timestamp":"2025-03-28T12:41:06.891Z"}
{"level":"info","message":"Schema successfully saved to: /home/yu/WebstormProjects/my-branch/website/out/docker/mockoon/data.json","timestamp":"2025-03-28T12:41:07.352Z"}
{"level":"info","message":"Fetching OpenAPI schema from: https://raw.githubusercontent.com/VilnaCRM-Org/user-service/main/.github/openapi-spec/spec.yaml...","timestamp":"2025-03-28T12:46:09.076Z"}
{"level":"info","message":"Schema successfully saved to: /home/yu/WebstormProjects/my-branch/website/out/docker/mockoon/data.json","timestamp":"2025-03-28T12:46:09.397Z"}
{"level":"info","message":"Fetching OpenAPI schema from: https://raw.githubusercontent.com/VilnaCRM-Org/user-service/main/.github/openapi-spec/spec.yaml...","timestamp":"2025-04-01T10:14:52.596Z"}
{"level":"info","message":"Schema successfully saved to: /home/yu/WebstormProjects/my-branch/website/out/docker/mockoon/data.json","timestamp":"2025-04-01T10:14:53.140Z"}
{"level":"info","message":"Fetching OpenAPI schema from: https://raw.githubusercontent.com/VilnaCRM-Org/user-service/main/.github/openapi-spec/spec.yaml... (Attempt 1/3)","timestamp":"2025-04-01T14:43:49.784Z"}
{"level":"info","message":"Schema successfully saved to: /home/yu/WebstormProjects/my-branch/website/out/docker/mockoon/data.json","timestamp":"2025-04-01T14:43:50.533Z"}
{"level":"info","message":"Fetching OpenAPI schema from: https://raw.githubusercontent.com/VilnaCRM-Org/user-service/v2.4.1/.github/graphql-spec/spec... (Attempt 1/3)","timestamp":"2025-04-03T15:01:49.409Z"}
{"level":"info","message":"Schema successfully saved to: /home/yu/WebstormProjects/my-branch/website/out/docker/apollo-server/schema.graphql","timestamp":"2025-04-03T15:01:50.059Z"}
{"level":"info","message":"Fetching OpenAPI schema from: https://raw.githubusercontent.com/VilnaCRM-Org/user-service/v2.4.1/.github/graphql-spec/spec... (Attempt 1/3)","timestamp":"2025-04-03T15:35:07.320Z"}
{"level":"info","message":"Schema successfully saved to: /app/out/docker/apollo-server/schema.graphql","timestamp":"2025-04-03T15:35:08.930Z"}
{"level":"info","message":"Fetching OpenAPI schema from: https://raw.githubusercontent.com/VilnaCRM-Org/user-service/v2.4.1/.github/graphql-spec/spec... (Attempt 1/3)","timestamp":"2025-04-03T16:37:42.647Z"}
{"level":"info","message":"Schema successfully saved to: /app/out/docker/apollo-server/schema.graphql","timestamp":"2025-04-03T16:37:46.864Z"}
{"level":"info","message":"Schema successfully saved to: /app/out/docker/apollo-server/schema.graphql","timestamp":"2025-04-04T08:26:09.057Z"}
c/spec... (Attempt 1/3)","timestamp":"2025-04-04T08:26:07.319Z"}
{"level":"info","message":"Fetching OpenAPI schema from: https://raw.githubusercontent.com/VilnaCRM-Org/user-service/v2.4.1/.github/graphql-spec/spec... (Attempt 1/3)","timestamp":"2025-04-04T09:41:22.518Z"}
{"level":"info","message":"Schema successfully saved to: /app/out/docker/apollo-server/schema.graphql","timestamp":"2025-04-04T09:41:24.074Z"}
{"level":"info","message":"Fetching OpenAPI schema from: https://raw.githubusercontent.com/VilnaCRM-Org/user-service/v2.4.1/.github/graphql-spec/spec... (Attempt 1/3)","timestamp":"2025-04-04T09:49:35.084Z"}
{"level":"info","message":"Schema successfully saved to: /app/out/docker/apollo-server/schema.graphql","timestamp":"2025-04-04T09:49:36.975Z"}
{"level":"info","message":"Fetching OpenAPI schema from: https://raw.githubusercontent.com/VilnaCRM-Org/user-service/v2.4.1/.github/graphql-spec/spec... (Attempt 1/3)","timestamp":"2025-04-04T11:55:15.092Z"}
{"level":"info","message":"Schema successfully saved to: /home/yu/WebstormProjects/my-branch/website/out/docker/apollo-server/schema.graphql","timestamp":"2025-04-04T11:55:15.478Z"}
